=======================================================
1/9/21 
=======================================================
DB: 찬송가/교독문
File: newhymal.hdb
Record: 교독문136번/성령 강림(2) 없음
Add: 교독문136번
=======================================================


=======================================================
2/6/21 8:24am
=======================================================
DB: 찬송가/교독문
File: newhymal.hdb -> newhymal.v.0.0.1.hdb
Record: 교독문15번/시편 27편
Correction: 나의 원수인 -> 나의 원수들인
Correction: 여호와께서 환난날에 -> 여호와께서 환난 날에
=======================================================


=======================================================
2/27/21 4:24pm
=======================================================
DB: 찬송가/교독문
File: newhymal.v.0.0.1.hdb
Record: 교독문44번/시편 100편
Correction: 노래하면서 거의 앞에 -> 노래하면서 그의 앞에
=======================================================


=======================================================
4/1/21 9:34am
=======================================================
DB: 찬송가/교독문
File: newhymal.v.0.0.1.hdb
Record: 찬송가 251장 후렴
Correction: 우리의 죄르 -> 우리의 죄를
=======================================================
